<?xml version="1.0" encoding="UTF-8"?>
<testsuite name="MusicAccountRetrieverTest" tests="1" skipped="0" failures="0" errors="0" timestamp="2024-12-17T06:07:51" hostname="Madelines-MacBook-Pro.local" time="0.031">
  <properties/>
  <testcase name="retrieveAccounts_retrievingResults_correctResults()" classname="MusicAccountRetrieverTest" time="0.031"/>
  <system-out><![CDATA[]]></system-out>
  <system-err><![CDATA[]]></system-err>
</testsuite>
